{"logLevel":"debug","message":"multithreading is set to false"}
{"logLevel":"debug","message":"Using reflection to scan dependencies for gauge implementations..."}
SLF4J: No SLF4J providers were found.
SLF4J: Defaulting to no-operation (NOP) logger implementation
SLF4J: See https://www.slf4j.org/codes.html#noProviders for further details.
{"logLevel":"debug","message":"gauge-java took 522milliseconds to load and scan. This should be less than 'runner_connection_timeout' config value."}
{"logLevel":"debug","message":"run 'gauge config runner_connection_timeout' and verify that it is < 522"}
{"logLevel":"debug","message":"starting gRPC server..."}
{"logLevel":"debug","message":"started gRPC server on port 50716"}
{"logLevel":"info","message":"Listening on port:50716"}
{"logLevel":"debug","message":"Scanning packages for steps"}
{"logLevel":"debug","message":"Comparing 'step.BasePageImplementation.closeThePopUps' and 'step.BasePageImplementation.closeThePopUps'"}
{"logLevel":"debug","message":"Found Herhangi bir pop up varsa kapatılır in current project scope."}
{"logLevel":"debug","message":"Comparing 'step.BasePageImplementation.pressENTER' and 'step.BasePageImplementation.pressENTER'"}
{"logLevel":"debug","message":"Found Klavyeden ENTER tuşuna basılır in current project scope."}
{"logLevel":"debug","message":"Comparing 'step.BasePageImplementation.navigateTo' and 'step.BasePageImplementation.navigateTo'"}
{"logLevel":"debug","message":"Found {} Sayfasına gidilir in current project scope."}
{"logLevel":"debug","message":"Comparing 'step.BasePageImplementation.waitSeconds' and 'step.BasePageImplementation.waitSeconds'"}
{"logLevel":"debug","message":"Found {} Saniyesi kadar beklenir in current project scope."}
{"logLevel":"debug","message":"Comparing 'step.BasePageImplementation.hoverOnTheElement' and 'step.BasePageImplementation.hoverOnTheElement'"}
{"logLevel":"debug","message":"Found {} alanının üzerine mouse ile gelinir in current project scope."}
{"logLevel":"debug","message":"Comparing 'step.BasePageImplementation.deleteTextbox' and 'step.BasePageImplementation.deleteTextbox'"}
{"logLevel":"debug","message":"Found {} alanı silinir in current project scope."}
{"logLevel":"debug","message":"Comparing 'step.BasePageImplementation.clickElement' and 'step.BasePageImplementation.clickElement'"}
{"logLevel":"debug","message":"Found {} butonuna tıklanır in current project scope."}
{"logLevel":"debug","message":"Comparing 'step.BasePageImplementation.sendKeys' and 'step.BasePageImplementation.sendKeys'"}
{"logLevel":"debug","message":"Found {} alanına {} yazılır in current project scope."}
{"logLevel":"debug","message":"Comparing 'step.BasePageImplementation.clickRandomElementFromByList' and 'step.BasePageImplementation.clickRandomElementFromByList'"}
{"logLevel":"debug","message":"Found {} listesinden rastgele bir elemana tıklanır in current project scope."}
{"logLevel":"debug","message":"Comparing 'step.BasePageImplementation.waitForTheElement' and 'step.BasePageImplementation.waitForTheElement'"}
{"logLevel":"debug","message":"Found {} elementinin görülmesi beklenir in current project scope."}
{"logLevel":"debug","message":"Comparing 'step.BasePageImplementation.pressTAB' and 'step.BasePageImplementation.pressTAB'"}
{"logLevel":"debug","message":"Found Klavyeden TAB tuşuna basılır in current project scope."}
{"logLevel":"debug","message":"Scanning packages for hooks"}
{"logLevel":"debug","message":"Scanned steps (using static parsing + reflections): "}
{"logLevel":"debug","message":"\t{} listesinden rastgele bir elemana tıklanır : public void clickRandomElementFromByList(String byList)"}
{"logLevel":"debug","message":"\t{} butonuna tıklanır : public void clickElement(String by)"}
{"logLevel":"debug","message":"\t{} alanına {} yazılır : public void sendKeys(String by, String text)"}
{"logLevel":"debug","message":"\t{} elementinin görülmesi beklenir : public void waitForTheElement(String by)"}
{"logLevel":"debug","message":"\t{} Saniyesi kadar beklenir : public void waitSeconds(int seconds)"}
{"logLevel":"debug","message":"\t{} alanının üzerine mouse ile gelinir : public void hoverOnTheElement(String by)"}
{"logLevel":"debug","message":"\t{} alanı silinir : public void deleteTextbox(String by)"}
{"logLevel":"debug","message":"\tHerhangi bir pop up varsa kapatılır : public void closeThePopUps()"}
{"logLevel":"debug","message":"\tKlavyeden ENTER tuşuna basılır : public void pressENTER()"}
{"logLevel":"debug","message":"\tKlavyeden TAB tuşuna basılır : public void pressTAB()"}
{"logLevel":"debug","message":"\t{} Sayfasına gidilir : public void navigateTo(String url)"}
Feb 08, 2024 5:55:05 PM org.openqa.selenium.devtools.CdpVersionFinder findNearestMatch
WARNING: Unable to find an exact match for CDP version 121, returning the closest version; found: 120; Please update to a Selenium version that supports CDP version 121
{"logLevel":"debug","message":"Executing '{} Sayfasına gidilir' using 'class step.BasePageImplementation.navigateTo"}
{"logLevel":"debug","message":"Executing '{} Saniyesi kadar beklenir' using 'class step.BasePageImplementation.waitSeconds"}
