{"logLevel":"debug","message":"multithreading is set to false"}
{"logLevel":"debug","message":"Using reflection to scan dependencies for gauge implementations..."}
SLF4J: Failed to load class "org.slf4j.impl.StaticLoggerBinder".
SLF4J: Defaulting to no-operation (NOP) logger implementation
SLF4J: See http://www.slf4j.org/codes.html#StaticLoggerBinder for further details.
{"logLevel":"debug","message":"gauge-java took 1208milliseconds to load and scan. This should be less than 'runner_connection_timeout' config value."}
{"logLevel":"debug","message":"run 'gauge config runner_connection_timeout' and verify that it is < 1208"}
{"logLevel":"debug","message":"starting gRPC server..."}
{"logLevel":"debug","message":"started gRPC server on port 57244"}
{"logLevel":"info","message":"Listening on port:57244"}
{"logLevel":"debug","message":"Scanning packages for steps"}
{"logLevel":"debug","message":"Comparing 'step.StepImplementation.closeThePopUps' and 'step.StepImplementation.closeThePopUps'"}
{"logLevel":"debug","message":"Found Herhangi bir pop up varsa kapatılır in current project scope."}
{"logLevel":"debug","message":"Comparing 'step.StepImplementation.pressENTER' and 'step.StepImplementation.pressENTER'"}
{"logLevel":"debug","message":"Found Klavyeden ENTER tuşuna basılır in current project scope."}
{"logLevel":"debug","message":"Comparing 'step.StepImplementation.navigateTo' and 'step.StepImplementation.navigateTo'"}
{"logLevel":"debug","message":"Found {} Sayfasına gidilir in current project scope."}
{"logLevel":"debug","message":"Comparing 'step.StepImplementation.waitSeconds' and 'step.StepImplementation.waitSeconds'"}
{"logLevel":"debug","message":"Found {} Saniyesi kadar beklenir in current project scope."}
{"logLevel":"debug","message":"Comparing 'step.StepImplementation.hoverOnTheElement' and 'step.StepImplementation.hoverOnTheElement'"}
{"logLevel":"debug","message":"Found {} alanının üzerine mouse ile gelinir in current project scope."}
{"logLevel":"debug","message":"Comparing 'step.StepImplementation.deleteTextbox' and 'step.StepImplementation.deleteTextbox'"}
{"logLevel":"debug","message":"Found {} alanı silinir in current project scope."}
{"logLevel":"debug","message":"Comparing 'step.StepImplementation.clickElement' and 'step.StepImplementation.clickElement'"}
{"logLevel":"debug","message":"Found {} butonuna tıklanır in current project scope."}
{"logLevel":"debug","message":"Comparing 'step.StepImplementation.sendKeys' and 'step.StepImplementation.sendKeys'"}
{"logLevel":"debug","message":"Found {} alanına {} yazılır in current project scope."}
{"logLevel":"debug","message":"Comparing 'step.StepImplementation.clickRandomElementFromByList' and 'step.StepImplementation.clickRandomElementFromByList'"}
{"logLevel":"debug","message":"Found {} listesinden rastgele bir elemana tıklanır in current project scope."}
{"logLevel":"debug","message":"Comparing 'step.StepImplementation.waitForTheElement' and 'step.StepImplementation.waitForTheElement'"}
{"logLevel":"debug","message":"Found {} elementinin görülmesi beklenir in current project scope."}
{"logLevel":"debug","message":"Comparing 'step.StepImplementation.pressTAB' and 'step.StepImplementation.pressTAB'"}
{"logLevel":"debug","message":"Found Klavyeden TAB tuşuna basılır in current project scope."}
{"logLevel":"debug","message":"Scanning packages for hooks"}
{"logLevel":"debug","message":"Scanned steps (using static parsing + reflections): "}
{"logLevel":"debug","message":"\t{} listesinden rastgele bir elemana tıklanır : public void clickRandomElementFromByList(String byList)"}
{"logLevel":"debug","message":"\t{} butonuna tıklanır : public void clickElement(String by)"}
{"logLevel":"debug","message":"\t{} alanına {} yazılır : public void sendKeys(String by, String text)"}
{"logLevel":"debug","message":"\t{} elementinin görülmesi beklenir : public void waitForTheElement(String by)"}
{"logLevel":"debug","message":"\t{} Saniyesi kadar beklenir : public void waitSeconds(int seconds)"}
{"logLevel":"debug","message":"\t{} alanının üzerine mouse ile gelinir : public void hoverOnTheElement(String by)"}
{"logLevel":"debug","message":"\t{} alanı silinir : public void deleteTextbox(String by)"}
{"logLevel":"debug","message":"\tHerhangi bir pop up varsa kapatılır : public void closeThePopUps()"}
{"logLevel":"debug","message":"\tKlavyeden ENTER tuşuna basılır : public void pressENTER()"}
{"logLevel":"debug","message":"\tKlavyeden TAB tuşuna basılır : public void pressTAB()"}
{"logLevel":"debug","message":"\t{} Sayfasına gidilir : public void navigateTo(String url)"}
Starting ChromeDriver 85.0.4183.87 (cd6713ebf92fa1cacc0f1a598df280093af0c5d7-refs/branch-heads/4183@{#1689}) on port 43943
Only local connections are allowed.
Please see https://chromedriver.chromium.org/security-considerations for suggestions on keeping ChromeDriver safe.
ChromeDriver was started successfully.
Sep 02, 2020 5:55:15 PM org.openqa.selenium.remote.ProtocolHandshake createSession
INFO: Detected dialect: W3C
{"logLevel":"debug","message":"Executing '{} Sayfasına gidilir' using 'class step.StepImplementation.navigateTo"}
{"logLevel":"debug","message":"Executing '{} alanının üzerine mouse ile gelinir' using 'class step.StepImplementation.hoverOnTheElement"}
{"logLevel":"debug","message":"Executing '{} butonuna tıklanır' using 'class step.StepImplementation.clickElement"}
{"logLevel":"debug","message":"Executing '{} alanına {} yazılır' using 'class step.StepImplementation.sendKeys"}
